<?xml version="1.0" encoding="UTF-8"?>
<!-- Generated by org.testng.reporters.JUnitReportReporter -->
<testsuite hostname="LAPTOP-CQ86O74I" failures="0" tests="4" name="test.LoginTest" time="3.036" errors="0" timestamp="2023-02-15T14:23:41 IST" skipped="0">
  <testcase classname="test.LoginTest" name="verifyBuildTitleName" time="0.014"/>
  <system-out/>
  <testcase classname="test.LoginTest" name="verifyTitleOfLoginPage" time="0.833"/>
  <system-out/>
  <testcase classname="test.LoginTest" name="verifyCurrentUrlOfPage" time="0.008"/>
  <system-out/>
  <testcase classname="test.LoginTest" name="verifyLoginWithCorrectCredentials" time="2.181"/>
  <system-out/>
</testsuite> <!-- test.LoginTest -->
